<?xml version="1.0" encoding="UTF-8"?>
<testsuite name="Listeners Test"
           tests="5"
           failures="0"
           errors="0"
           skipped="0"
           time="32.044">
  <properties />
  
  
            <testcase name="customerShouldWithdrawMoneySuccessfully" time="13.271" classname="com.bank.testsuite.BankTest" />
                <testcase name="bankManagerShouldOpenAccountSuccessfully" time="1.595" classname="com.bank.testsuite.BankTest" />
                <testcase name="customerShouldDepositMoneySuccessfully" time="10.455" classname="com.bank.testsuite.BankTest" />
                <testcase name="bankManagerShouldAddCustomerSuccessFully" time="0.567" classname="com.bank.testsuite.BankTest" />
                <testcase name="customerShouldLoginAndLogoutSuccessfully" time="6.156" classname="com.bank.testsuite.BankTest" />
      
</testsuite>
